<?xml version="1.0" encoding="UTF-8"?>
<!-- Generated by org.testng.reporters.JUnitXMLReporter -->
<testsuite hostname="DESKTOP-VI9DBK6" ignored="0" name="Test" tests="18" failures="8" timestamp="2021-12-02T16:14:53 EET" time="3287.589" errors="0">
  <testcase name="OnboardingContributor_TC001" time="48.471" classname="com.worldillustrated.TestCases.OnboardingContributorTests">
    <failure type="java.lang.AssertionError" message="expected [Invalid user data in &amp;apos;General information&amp;apos;.
Invalid user data in &amp;apos;Person responsible for this account&amp;apos;.
Invalid address format filled. Please fill all the required fields.
Invalid address format filled. Please fill all the required fields.
Invalid user data in &amp;apos;Licensing&amp;apos;.
No channels selected for your content.] but found [Invalid user data in &amp;apos;General information&amp;apos;.
Invalid user data in &amp;apos;Person responsible for this account&amp;apos;.
Invalid address format filled. Please fill all the required fields.
Invalid address format filled. Please fill all the required fields.
Invalid user data in &amp;apos;Licensing&amp;apos;.
No channels selected for your content.]">
      <![CDATA[java.lang.AssertionError: expected [Invalid user data in 'General information'.
Invalid user data in 'Person responsible for this account'.
Invalid address format filled. Please fill all the required fields.
Invalid address format filled. Please fill all the required fields.
Invalid user data in 'Licensing'.
No channels selected for your content.] but found [Invalid user data in 'General information'.
Invalid user data in 'Person responsible for this account'.
Invalid address format filled. Please fill all the required fields.
Invalid address format filled. Please fill all the required fields.
Invalid user data in 'Licensing'.
No channels selected for your content.]
at com.worldillustrated.BaseClasses.BaseUI.verifyMessage(BaseUI.java:153)
at com.worldillustrated.TestCases.OnboardingContributorTests.OnboardingContributor_TC001(OnboardingContributorTests.java:19)
at java.util.ArrayList.forEach(ArrayList.java:1257)
... Removed 36 stack frames]]>
    </failure>
  </testcase> <!-- OnboardingContributor_TC001 -->
  <testcase name="OnboardingContributor_TC002" time="48.02" classname="com.worldillustrated.TestCases.OnboardingContributorTests"/>
  <testcase name="OnboardingContributor_TC003" time="234.236" classname="com.worldillustrated.TestCases.OnboardingContributorTests">
    <failure type="java.lang.AssertionError" message="Failing the Test Case: no such element: Unable to locate element: {&amp;quot;method&amp;quot;:&amp;quot;xpath&amp;quot;,&amp;quot;selector&amp;quot;:&amp;quot;/html/body/div[4]/div/ul/li[7]&amp;quot;}
  (Session info: chrome=96.0.4664.45)
For documentation on this error, please visit: https://www.seleniumhq.org/exceptions/no_such_element.html
Build info: version: &amp;apos;3.141.59&amp;apos;, revision: &amp;apos;e82be7d358&amp;apos;, time: &amp;apos;2018-11-14T08:17:03&amp;apos;
System info: host: &amp;apos;DESKTOP-VI9DBK6&amp;apos;, ip: &amp;apos;10.10.0.18&amp;apos;, os.name: &amp;apos;Windows 10&amp;apos;, os.arch: &amp;apos;amd64&amp;apos;, os.version: &amp;apos;10.0&amp;apos;, java.version: &amp;apos;1.8.0_181&amp;apos;
Driver info: org.openqa.selenium.chrome.ChromeDriver
Capabilities {acceptInsecureCerts: false, browserName: chrome, browserVersion: 96.0.4664.45, chrome: {chromedriverVersion: 95.0.4638.17 (a9d0719444d4b..., userDataDir: C:\Windows\TEMP\scoped_dir2...}, goog:chromeOptions: {debuggerAddress: localhost:64757}, javascriptEnabled: true, networkConnectionEnabled: false, pageLoadStrategy: normal, platform: WINDOWS, platformName: WINDOWS, proxy: Proxy(), setWindowRect: true, strictFileInteractability: false, timeouts: {implicit: 0, pageLoad: 300000, script: 30000}, unhandledPromptBehavior: dismiss and notify, webauthn:extension:credBlob: true, webauthn:extension:largeBlob: true, webauthn:virtualAuthenticators: true}
Session ID: f24c86784dbdea4f703abf2541e436b7
*** Element info: {Using=xpath, value=/html/body/div[4]/div/ul/li[7]}">
      <![CDATA[java.lang.AssertionError: Failing the Test Case: no such element: Unable to locate element: {"method":"xpath","selector":"/html/body/div[4]/div/ul/li[7]"}
  (Session info: chrome=96.0.4664.45)
For documentation on this error, please visit: https://www.seleniumhq.org/exceptions/no_such_element.html
Build info: version: '3.141.59', revision: 'e82be7d358', time: '2018-11-14T08:17:03'
System info: host: 'DESKTOP-VI9DBK6', ip: '10.10.0.18', os.name: 'Windows 10', os.arch: 'amd64', os.version: '10.0', java.version: '1.8.0_181'
Driver info: org.openqa.selenium.chrome.ChromeDriver
Capabilities {acceptInsecureCerts: false, browserName: chrome, browserVersion: 96.0.4664.45, chrome: {chromedriverVersion: 95.0.4638.17 (a9d0719444d4b..., userDataDir: C:\Windows\TEMP\scoped_dir2...}, goog:chromeOptions: {debuggerAddress: localhost:64757}, javascriptEnabled: true, networkConnectionEnabled: false, pageLoadStrategy: normal, platform: WINDOWS, platformName: WINDOWS, proxy: Proxy(), setWindowRect: true, strictFileInteractability: false, timeouts: {implicit: 0, pageLoad: 300000, script: 30000}, unhandledPromptBehavior: dismiss and notify, webauthn:extension:credBlob: true, webauthn:extension:largeBlob: true, webauthn:virtualAuthenticators: true}
Session ID: f24c86784dbdea4f703abf2541e436b7
*** Element info: {Using=xpath, value=/html/body/div[4]/div/ul/li[7]}
at com.worldillustrated.BaseClasses.BaseUI.getElement(BaseUI.java:248)
at com.worldillustrated.BaseClasses.BaseUI.clickElement(BaseUI.java:187)
at com.worldillustrated.TestCases.OnboardingContributorActions.fillDataInBillingAddress(OnboardingContributorActions.java:82)
at com.worldillustrated.TestCases.OnboardingContributorTests.OnboardingContributor_TC003(OnboardingContributorTests.java:44)
at java.util.ArrayList.forEach(ArrayList.java:1257)
... Removed 31 stack frames]]>
    </failure>
  </testcase> <!-- OnboardingContributor_TC003 -->
  <testcase name="OnboardingContributor_TC004" time="38.872" classname="com.worldillustrated.TestCases.OnboardingContributorTests"/>
  <testcase name="OnboardingContributor_TC005" time="39.811" classname="com.worldillustrated.TestCases.OnboardingContributorTests"/>
  <testcase name="OnboardingContributor_TC007" time="222.685" classname="com.worldillustrated.TestCases.OnboardingContributorTests">
    <failure type="java.lang.AssertionError" message="Failing the Test Case: no such element: Unable to locate element: {&amp;quot;method&amp;quot;:&amp;quot;xpath&amp;quot;,&amp;quot;selector&amp;quot;:&amp;quot;/html/body/div[1]/div/div[4]/div[2]/form[2]/div/div[2]/div/div/div/div[1]/div[1]/p&amp;quot;}
  (Session info: chrome=96.0.4664.45)
For documentation on this error, please visit: https://www.seleniumhq.org/exceptions/no_such_element.html
Build info: version: &amp;apos;3.141.59&amp;apos;, revision: &amp;apos;e82be7d358&amp;apos;, time: &amp;apos;2018-11-14T08:17:03&amp;apos;
System info: host: &amp;apos;DESKTOP-VI9DBK6&amp;apos;, ip: &amp;apos;10.10.0.18&amp;apos;, os.name: &amp;apos;Windows 10&amp;apos;, os.arch: &amp;apos;amd64&amp;apos;, os.version: &amp;apos;10.0&amp;apos;, java.version: &amp;apos;1.8.0_181&amp;apos;
Driver info: org.openqa.selenium.chrome.ChromeDriver
Capabilities {acceptInsecureCerts: false, browserName: chrome, browserVersion: 96.0.4664.45, chrome: {chromedriverVersion: 95.0.4638.17 (a9d0719444d4b..., userDataDir: C:\Windows\TEMP\scoped_dir1...}, goog:chromeOptions: {debuggerAddress: localhost:50959}, javascriptEnabled: true, networkConnectionEnabled: false, pageLoadStrategy: normal, platform: WINDOWS, platformName: WINDOWS, proxy: Proxy(), setWindowRect: true, strictFileInteractability: false, timeouts: {implicit: 0, pageLoad: 300000, script: 30000}, unhandledPromptBehavior: dismiss and notify, webauthn:extension:credBlob: true, webauthn:extension:largeBlob: true, webauthn:virtualAuthenticators: true}
Session ID: 9f2627ff71f6d9170db97fe51f083628
*** Element info: {Using=xpath, value=/html/body/div[1]/div/div[4]/div[2]/form[2]/div/div[2]/div/div/div/div[1]/div[1]/p}">
      <![CDATA[java.lang.AssertionError: Failing the Test Case: no such element: Unable to locate element: {"method":"xpath","selector":"/html/body/div[1]/div/div[4]/div[2]/form[2]/div/div[2]/div/div/div/div[1]/div[1]/p"}
  (Session info: chrome=96.0.4664.45)
For documentation on this error, please visit: https://www.seleniumhq.org/exceptions/no_such_element.html
Build info: version: '3.141.59', revision: 'e82be7d358', time: '2018-11-14T08:17:03'
System info: host: 'DESKTOP-VI9DBK6', ip: '10.10.0.18', os.name: 'Windows 10', os.arch: 'amd64', os.version: '10.0', java.version: '1.8.0_181'
Driver info: org.openqa.selenium.chrome.ChromeDriver
Capabilities {acceptInsecureCerts: false, browserName: chrome, browserVersion: 96.0.4664.45, chrome: {chromedriverVersion: 95.0.4638.17 (a9d0719444d4b..., userDataDir: C:\Windows\TEMP\scoped_dir1...}, goog:chromeOptions: {debuggerAddress: localhost:50959}, javascriptEnabled: true, networkConnectionEnabled: false, pageLoadStrategy: normal, platform: WINDOWS, platformName: WINDOWS, proxy: Proxy(), setWindowRect: true, strictFileInteractability: false, timeouts: {implicit: 0, pageLoad: 300000, script: 30000}, unhandledPromptBehavior: dismiss and notify, webauthn:extension:credBlob: true, webauthn:extension:largeBlob: true, webauthn:virtualAuthenticators: true}
Session ID: 9f2627ff71f6d9170db97fe51f083628
*** Element info: {Using=xpath, value=/html/body/div[1]/div/div[4]/div[2]/form[2]/div/div[2]/div/div/div/div[1]/div[1]/p}
at com.worldillustrated.BaseClasses.BaseUI.getElement(BaseUI.java:248)
at com.worldillustrated.BaseClasses.BaseUI.verifyErrorMessage(BaseUI.java:132)
at com.worldillustrated.TestCases.OnboardingContributorTests.OnboardingContributor_TC007(OnboardingContributorTests.java:79)
at java.util.ArrayList.forEach(ArrayList.java:1257)
... Removed 31 stack frames]]>
    </failure>
  </testcase> <!-- OnboardingContributor_TC007 -->
  <testcase name="OnboardingContributor_TC008" time="217.352" classname="com.worldillustrated.TestCases.OnboardingContributorTests">
    <failure type="java.lang.AssertionError" message="Failing the Test Case: no such element: Unable to locate element: {&amp;quot;method&amp;quot;:&amp;quot;xpath&amp;quot;,&amp;quot;selector&amp;quot;:&amp;quot;/html/body/div[1]/div/div[4]/div[2]/form[2]/div/div[2]/div/div/div/div[1]/div[2]/p&amp;quot;}
  (Session info: chrome=96.0.4664.45)
For documentation on this error, please visit: https://www.seleniumhq.org/exceptions/no_such_element.html
Build info: version: &amp;apos;3.141.59&amp;apos;, revision: &amp;apos;e82be7d358&amp;apos;, time: &amp;apos;2018-11-14T08:17:03&amp;apos;
System info: host: &amp;apos;DESKTOP-VI9DBK6&amp;apos;, ip: &amp;apos;10.10.0.18&amp;apos;, os.name: &amp;apos;Windows 10&amp;apos;, os.arch: &amp;apos;amd64&amp;apos;, os.version: &amp;apos;10.0&amp;apos;, java.version: &amp;apos;1.8.0_181&amp;apos;
Driver info: org.openqa.selenium.chrome.ChromeDriver
Capabilities {acceptInsecureCerts: false, browserName: chrome, browserVersion: 96.0.4664.45, chrome: {chromedriverVersion: 95.0.4638.17 (a9d0719444d4b..., userDataDir: C:\Windows\TEMP\scoped_dir1...}, goog:chromeOptions: {debuggerAddress: localhost:51000}, javascriptEnabled: true, networkConnectionEnabled: false, pageLoadStrategy: normal, platform: WINDOWS, platformName: WINDOWS, proxy: Proxy(), setWindowRect: true, strictFileInteractability: false, timeouts: {implicit: 0, pageLoad: 300000, script: 30000}, unhandledPromptBehavior: dismiss and notify, webauthn:extension:credBlob: true, webauthn:extension:largeBlob: true, webauthn:virtualAuthenticators: true}
Session ID: 22f85dc459e26a668d0910b6c9a47c35
*** Element info: {Using=xpath, value=/html/body/div[1]/div/div[4]/div[2]/form[2]/div/div[2]/div/div/div/div[1]/div[2]/p}">
      <![CDATA[java.lang.AssertionError: Failing the Test Case: no such element: Unable to locate element: {"method":"xpath","selector":"/html/body/div[1]/div/div[4]/div[2]/form[2]/div/div[2]/div/div/div/div[1]/div[2]/p"}
  (Session info: chrome=96.0.4664.45)
For documentation on this error, please visit: https://www.seleniumhq.org/exceptions/no_such_element.html
Build info: version: '3.141.59', revision: 'e82be7d358', time: '2018-11-14T08:17:03'
System info: host: 'DESKTOP-VI9DBK6', ip: '10.10.0.18', os.name: 'Windows 10', os.arch: 'amd64', os.version: '10.0', java.version: '1.8.0_181'
Driver info: org.openqa.selenium.chrome.ChromeDriver
Capabilities {acceptInsecureCerts: false, browserName: chrome, browserVersion: 96.0.4664.45, chrome: {chromedriverVersion: 95.0.4638.17 (a9d0719444d4b..., userDataDir: C:\Windows\TEMP\scoped_dir1...}, goog:chromeOptions: {debuggerAddress: localhost:51000}, javascriptEnabled: true, networkConnectionEnabled: false, pageLoadStrategy: normal, platform: WINDOWS, platformName: WINDOWS, proxy: Proxy(), setWindowRect: true, strictFileInteractability: false, timeouts: {implicit: 0, pageLoad: 300000, script: 30000}, unhandledPromptBehavior: dismiss and notify, webauthn:extension:credBlob: true, webauthn:extension:largeBlob: true, webauthn:virtualAuthenticators: true}
Session ID: 22f85dc459e26a668d0910b6c9a47c35
*** Element info: {Using=xpath, value=/html/body/div[1]/div/div[4]/div[2]/form[2]/div/div[2]/div/div/div/div[1]/div[2]/p}
at com.worldillustrated.BaseClasses.BaseUI.getElement(BaseUI.java:248)
at com.worldillustrated.BaseClasses.BaseUI.verifyErrorMessage(BaseUI.java:132)
at com.worldillustrated.TestCases.OnboardingContributorTests.OnboardingContributor_TC008(OnboardingContributorTests.java:88)
at java.util.ArrayList.forEach(ArrayList.java:1257)
... Removed 31 stack frames]]>
    </failure>
  </testcase> <!-- OnboardingContributor_TC008 -->
  <testcase name="OnboardingContributor_TC009" time="40.715" classname="com.worldillustrated.TestCases.OnboardingContributorTests"/>
  <testcase name="OnboardingContributor_TC010" time="58.148" classname="com.worldillustrated.TestCases.OnboardingContributorTests"/>
  <testcase name="OnboardingContributor_TC011" time="1121.05" classname="com.worldillustrated.TestCases.OnboardingContributorTests">
    <failure type="java.lang.AssertionError" message="Failing the Test Case: no such element: Unable to locate element: {&amp;quot;method&amp;quot;:&amp;quot;xpath&amp;quot;,&amp;quot;selector&amp;quot;:&amp;quot;/html/body/div[4]/div/ul/li[7]&amp;quot;}
  (Session info: chrome=96.0.4664.45)
For documentation on this error, please visit: https://www.seleniumhq.org/exceptions/no_such_element.html
Build info: version: &amp;apos;3.141.59&amp;apos;, revision: &amp;apos;e82be7d358&amp;apos;, time: &amp;apos;2018-11-14T08:17:03&amp;apos;
System info: host: &amp;apos;DESKTOP-VI9DBK6&amp;apos;, ip: &amp;apos;10.10.0.18&amp;apos;, os.name: &amp;apos;Windows 10&amp;apos;, os.arch: &amp;apos;amd64&amp;apos;, os.version: &amp;apos;10.0&amp;apos;, java.version: &amp;apos;1.8.0_181&amp;apos;
Driver info: org.openqa.selenium.chrome.ChromeDriver
Capabilities {acceptInsecureCerts: false, browserName: chrome, browserVersion: 96.0.4664.45, chrome: {chromedriverVersion: 95.0.4638.17 (a9d0719444d4b..., userDataDir: C:\Windows\TEMP\scoped_dir7...}, goog:chromeOptions: {debuggerAddress: localhost:59726}, javascriptEnabled: true, networkConnectionEnabled: false, pageLoadStrategy: normal, platform: WINDOWS, platformName: WINDOWS, proxy: Proxy(), setWindowRect: true, strictFileInteractability: false, timeouts: {implicit: 0, pageLoad: 300000, script: 30000}, unhandledPromptBehavior: dismiss and notify, webauthn:extension:credBlob: true, webauthn:extension:largeBlob: true, webauthn:virtualAuthenticators: true}
Session ID: 245e98c95a1f07bcb70760bd882d0933
*** Element info: {Using=xpath, value=/html/body/div[4]/div/ul/li[7]}">
      <![CDATA[java.lang.AssertionError: Failing the Test Case: no such element: Unable to locate element: {"method":"xpath","selector":"/html/body/div[4]/div/ul/li[7]"}
  (Session info: chrome=96.0.4664.45)
For documentation on this error, please visit: https://www.seleniumhq.org/exceptions/no_such_element.html
Build info: version: '3.141.59', revision: 'e82be7d358', time: '2018-11-14T08:17:03'
System info: host: 'DESKTOP-VI9DBK6', ip: '10.10.0.18', os.name: 'Windows 10', os.arch: 'amd64', os.version: '10.0', java.version: '1.8.0_181'
Driver info: org.openqa.selenium.chrome.ChromeDriver
Capabilities {acceptInsecureCerts: false, browserName: chrome, browserVersion: 96.0.4664.45, chrome: {chromedriverVersion: 95.0.4638.17 (a9d0719444d4b..., userDataDir: C:\Windows\TEMP\scoped_dir7...}, goog:chromeOptions: {debuggerAddress: localhost:59726}, javascriptEnabled: true, networkConnectionEnabled: false, pageLoadStrategy: normal, platform: WINDOWS, platformName: WINDOWS, proxy: Proxy(), setWindowRect: true, strictFileInteractability: false, timeouts: {implicit: 0, pageLoad: 300000, script: 30000}, unhandledPromptBehavior: dismiss and notify, webauthn:extension:credBlob: true, webauthn:extension:largeBlob: true, webauthn:virtualAuthenticators: true}
Session ID: 245e98c95a1f07bcb70760bd882d0933
*** Element info: {Using=xpath, value=/html/body/div[4]/div/ul/li[7]}
at com.worldillustrated.BaseClasses.BaseUI.getElement(BaseUI.java:248)
at com.worldillustrated.BaseClasses.BaseUI.clickElement(BaseUI.java:187)
at com.worldillustrated.TestCases.OnboardingContributorActions.fillDataInBillingAddress(OnboardingContributorActions.java:82)
at com.worldillustrated.TestCases.OnboardingContributorTests.OnboardingContributor_TC011(OnboardingContributorTests.java:118)
at java.util.ArrayList.forEach(ArrayList.java:1257)
... Removed 31 stack frames]]>
    </failure>
  </testcase> <!-- OnboardingContributor_TC011 -->
  <testcase name="OnboardingContributor_TC012" time="39.615" classname="com.worldillustrated.TestCases.OnboardingContributorTests"/>
  <testcase name="OnboardingContributor_TC013" time="40.294" classname="com.worldillustrated.TestCases.OnboardingContributorTests"/>
  <testcase name="OnboardingContributor_TC014" time="398.214" classname="com.worldillustrated.TestCases.OnboardingContributorTests">
    <failure type="java.lang.AssertionError" message="Failing the Test Case: no such element: Unable to locate element: {&amp;quot;method&amp;quot;:&amp;quot;xpath&amp;quot;,&amp;quot;selector&amp;quot;:&amp;quot;/html/body/div[4]/div/ul/li[7]&amp;quot;}
  (Session info: chrome=96.0.4664.45)
For documentation on this error, please visit: https://www.seleniumhq.org/exceptions/no_such_element.html
Build info: version: &amp;apos;3.141.59&amp;apos;, revision: &amp;apos;e82be7d358&amp;apos;, time: &amp;apos;2018-11-14T08:17:03&amp;apos;
System info: host: &amp;apos;DESKTOP-VI9DBK6&amp;apos;, ip: &amp;apos;10.10.0.18&amp;apos;, os.name: &amp;apos;Windows 10&amp;apos;, os.arch: &amp;apos;amd64&amp;apos;, os.version: &amp;apos;10.0&amp;apos;, java.version: &amp;apos;1.8.0_181&amp;apos;
Driver info: org.openqa.selenium.chrome.ChromeDriver
Capabilities {acceptInsecureCerts: false, browserName: chrome, browserVersion: 96.0.4664.45, chrome: {chromedriverVersion: 95.0.4638.17 (a9d0719444d4b..., userDataDir: C:\Windows\TEMP\scoped_dir1...}, goog:chromeOptions: {debuggerAddress: localhost:56651}, javascriptEnabled: true, networkConnectionEnabled: false, pageLoadStrategy: normal, platform: WINDOWS, platformName: WINDOWS, proxy: Proxy(), setWindowRect: true, strictFileInteractability: false, timeouts: {implicit: 0, pageLoad: 300000, script: 30000}, unhandledPromptBehavior: dismiss and notify, webauthn:extension:credBlob: true, webauthn:extension:largeBlob: true, webauthn:virtualAuthenticators: true}
Session ID: d7a23533dd643eadf135eb524f0678e5
*** Element info: {Using=xpath, value=/html/body/div[4]/div/ul/li[7]}">
      <![CDATA[java.lang.AssertionError: Failing the Test Case: no such element: Unable to locate element: {"method":"xpath","selector":"/html/body/div[4]/div/ul/li[7]"}
  (Session info: chrome=96.0.4664.45)
For documentation on this error, please visit: https://www.seleniumhq.org/exceptions/no_such_element.html
Build info: version: '3.141.59', revision: 'e82be7d358', time: '2018-11-14T08:17:03'
System info: host: 'DESKTOP-VI9DBK6', ip: '10.10.0.18', os.name: 'Windows 10', os.arch: 'amd64', os.version: '10.0', java.version: '1.8.0_181'
Driver info: org.openqa.selenium.chrome.ChromeDriver
Capabilities {acceptInsecureCerts: false, browserName: chrome, browserVersion: 96.0.4664.45, chrome: {chromedriverVersion: 95.0.4638.17 (a9d0719444d4b..., userDataDir: C:\Windows\TEMP\scoped_dir1...}, goog:chromeOptions: {debuggerAddress: localhost:56651}, javascriptEnabled: true, networkConnectionEnabled: false, pageLoadStrategy: normal, platform: WINDOWS, platformName: WINDOWS, proxy: Proxy(), setWindowRect: true, strictFileInteractability: false, timeouts: {implicit: 0, pageLoad: 300000, script: 30000}, unhandledPromptBehavior: dismiss and notify, webauthn:extension:credBlob: true, webauthn:extension:largeBlob: true, webauthn:virtualAuthenticators: true}
Session ID: d7a23533dd643eadf135eb524f0678e5
*** Element info: {Using=xpath, value=/html/body/div[4]/div/ul/li[7]}
at com.worldillustrated.BaseClasses.BaseUI.getElement(BaseUI.java:248)
at com.worldillustrated.BaseClasses.BaseUI.clickElement(BaseUI.java:187)
at com.worldillustrated.TestCases.OnboardingContributorActions.fillDataInBillingAddress(OnboardingContributorActions.java:82)
at com.worldillustrated.TestCases.OnboardingContributorTests.OnboardingContributor_TC014(OnboardingContributorTests.java:152)
at java.util.ArrayList.forEach(ArrayList.java:1257)
... Removed 31 stack frames]]>
    </failure>
  </testcase> <!-- OnboardingContributor_TC014 -->
  <testcase name="OnboardingContributor_TC015" time="398.084" classname="com.worldillustrated.TestCases.OnboardingContributorTests">
    <failure type="java.lang.AssertionError" message="Failing the Test Case: no such element: Unable to locate element: {&amp;quot;method&amp;quot;:&amp;quot;xpath&amp;quot;,&amp;quot;selector&amp;quot;:&amp;quot;/html/body/div[4]/div/ul/li[7]&amp;quot;}
  (Session info: chrome=96.0.4664.45)
For documentation on this error, please visit: https://www.seleniumhq.org/exceptions/no_such_element.html
Build info: version: &amp;apos;3.141.59&amp;apos;, revision: &amp;apos;e82be7d358&amp;apos;, time: &amp;apos;2018-11-14T08:17:03&amp;apos;
System info: host: &amp;apos;DESKTOP-VI9DBK6&amp;apos;, ip: &amp;apos;10.10.0.18&amp;apos;, os.name: &amp;apos;Windows 10&amp;apos;, os.arch: &amp;apos;amd64&amp;apos;, os.version: &amp;apos;10.0&amp;apos;, java.version: &amp;apos;1.8.0_181&amp;apos;
Driver info: org.openqa.selenium.chrome.ChromeDriver
Capabilities {acceptInsecureCerts: false, browserName: chrome, browserVersion: 96.0.4664.45, chrome: {chromedriverVersion: 95.0.4638.17 (a9d0719444d4b..., userDataDir: C:\Windows\TEMP\scoped_dir2...}, goog:chromeOptions: {debuggerAddress: localhost:59049}, javascriptEnabled: true, networkConnectionEnabled: false, pageLoadStrategy: normal, platform: WINDOWS, platformName: WINDOWS, proxy: Proxy(), setWindowRect: true, strictFileInteractability: false, timeouts: {implicit: 0, pageLoad: 300000, script: 30000}, unhandledPromptBehavior: dismiss and notify, webauthn:extension:credBlob: true, webauthn:extension:largeBlob: true, webauthn:virtualAuthenticators: true}
Session ID: ee328789f9ae6b9418ba378c5bace6ec
*** Element info: {Using=xpath, value=/html/body/div[4]/div/ul/li[7]}">
      <![CDATA[java.lang.AssertionError: Failing the Test Case: no such element: Unable to locate element: {"method":"xpath","selector":"/html/body/div[4]/div/ul/li[7]"}
  (Session info: chrome=96.0.4664.45)
For documentation on this error, please visit: https://www.seleniumhq.org/exceptions/no_such_element.html
Build info: version: '3.141.59', revision: 'e82be7d358', time: '2018-11-14T08:17:03'
System info: host: 'DESKTOP-VI9DBK6', ip: '10.10.0.18', os.name: 'Windows 10', os.arch: 'amd64', os.version: '10.0', java.version: '1.8.0_181'
Driver info: org.openqa.selenium.chrome.ChromeDriver
Capabilities {acceptInsecureCerts: false, browserName: chrome, browserVersion: 96.0.4664.45, chrome: {chromedriverVersion: 95.0.4638.17 (a9d0719444d4b..., userDataDir: C:\Windows\TEMP\scoped_dir2...}, goog:chromeOptions: {debuggerAddress: localhost:59049}, javascriptEnabled: true, networkConnectionEnabled: false, pageLoadStrategy: normal, platform: WINDOWS, platformName: WINDOWS, proxy: Proxy(), setWindowRect: true, strictFileInteractability: false, timeouts: {implicit: 0, pageLoad: 300000, script: 30000}, unhandledPromptBehavior: dismiss and notify, webauthn:extension:credBlob: true, webauthn:extension:largeBlob: true, webauthn:virtualAuthenticators: true}
Session ID: ee328789f9ae6b9418ba378c5bace6ec
*** Element info: {Using=xpath, value=/html/body/div[4]/div/ul/li[7]}
at com.worldillustrated.BaseClasses.BaseUI.getElement(BaseUI.java:248)
at com.worldillustrated.BaseClasses.BaseUI.clickElement(BaseUI.java:187)
at com.worldillustrated.TestCases.OnboardingContributorActions.fillDataInBillingAddress(OnboardingContributorActions.java:82)
at com.worldillustrated.TestCases.OnboardingContributorTests.OnboardingContributor_TC015(OnboardingContributorTests.java:162)
at java.util.ArrayList.forEach(ArrayList.java:1257)
... Removed 31 stack frames]]>
    </failure>
  </testcase> <!-- OnboardingContributor_TC015 -->
  <testcase name="OnboardingContributor_TC016" time="41.709" classname="com.worldillustrated.TestCases.OnboardingContributorTests"/>
  <testcase name="OnboardingContributor_TC017" time="39.45" classname="com.worldillustrated.TestCases.OnboardingContributorTests"/>
  <testcase name="OnboardingContributor_TC018" time="39.396" classname="com.worldillustrated.TestCases.OnboardingContributorTests"/>
  <testcase name="OnboardingContributor_TC019" time="221.371" classname="com.worldillustrated.TestCases.OnboardingContributorTests">
    <failure type="java.lang.AssertionError" message="Failing the Test Case: no such element: Unable to locate element: {&amp;quot;method&amp;quot;:&amp;quot;xpath&amp;quot;,&amp;quot;selector&amp;quot;:&amp;quot;/html/body/div[4]/div/ul/li[16]&amp;quot;}
  (Session info: chrome=96.0.4664.45)
For documentation on this error, please visit: https://www.seleniumhq.org/exceptions/no_such_element.html
Build info: version: &amp;apos;3.141.59&amp;apos;, revision: &amp;apos;e82be7d358&amp;apos;, time: &amp;apos;2018-11-14T08:17:03&amp;apos;
System info: host: &amp;apos;DESKTOP-VI9DBK6&amp;apos;, ip: &amp;apos;10.10.0.18&amp;apos;, os.name: &amp;apos;Windows 10&amp;apos;, os.arch: &amp;apos;amd64&amp;apos;, os.version: &amp;apos;10.0&amp;apos;, java.version: &amp;apos;1.8.0_181&amp;apos;
Driver info: org.openqa.selenium.chrome.ChromeDriver
Capabilities {acceptInsecureCerts: false, browserName: chrome, browserVersion: 96.0.4664.45, chrome: {chromedriverVersion: 95.0.4638.17 (a9d0719444d4b..., userDataDir: C:\Windows\TEMP\scoped_dir2...}, goog:chromeOptions: {debuggerAddress: localhost:54197}, javascriptEnabled: true, networkConnectionEnabled: false, pageLoadStrategy: normal, platform: WINDOWS, platformName: WINDOWS, proxy: Proxy(), setWindowRect: true, strictFileInteractability: false, timeouts: {implicit: 0, pageLoad: 300000, script: 30000}, unhandledPromptBehavior: dismiss and notify, webauthn:extension:credBlob: true, webauthn:extension:largeBlob: true, webauthn:virtualAuthenticators: true}
Session ID: 686d3d7ae9efb38f44de23983d0899b9
*** Element info: {Using=xpath, value=/html/body/div[4]/div/ul/li[16]}">
      <![CDATA[java.lang.AssertionError: Failing the Test Case: no such element: Unable to locate element: {"method":"xpath","selector":"/html/body/div[4]/div/ul/li[16]"}
  (Session info: chrome=96.0.4664.45)
For documentation on this error, please visit: https://www.seleniumhq.org/exceptions/no_such_element.html
Build info: version: '3.141.59', revision: 'e82be7d358', time: '2018-11-14T08:17:03'
System info: host: 'DESKTOP-VI9DBK6', ip: '10.10.0.18', os.name: 'Windows 10', os.arch: 'amd64', os.version: '10.0', java.version: '1.8.0_181'
Driver info: org.openqa.selenium.chrome.ChromeDriver
Capabilities {acceptInsecureCerts: false, browserName: chrome, browserVersion: 96.0.4664.45, chrome: {chromedriverVersion: 95.0.4638.17 (a9d0719444d4b..., userDataDir: C:\Windows\TEMP\scoped_dir2...}, goog:chromeOptions: {debuggerAddress: localhost:54197}, javascriptEnabled: true, networkConnectionEnabled: false, pageLoadStrategy: normal, platform: WINDOWS, platformName: WINDOWS, proxy: Proxy(), setWindowRect: true, strictFileInteractability: false, timeouts: {implicit: 0, pageLoad: 300000, script: 30000}, unhandledPromptBehavior: dismiss and notify, webauthn:extension:credBlob: true, webauthn:extension:largeBlob: true, webauthn:virtualAuthenticators: true}
Session ID: 686d3d7ae9efb38f44de23983d0899b9
*** Element info: {Using=xpath, value=/html/body/div[4]/div/ul/li[16]}
at com.worldillustrated.BaseClasses.BaseUI.getElement(BaseUI.java:248)
at com.worldillustrated.BaseClasses.BaseUI.clickElement(BaseUI.java:187)
at com.worldillustrated.TestCases.OnboardingContributorActions.fillDataInMailingAddress(OnboardingContributorActions.java:65)
at com.worldillustrated.TestCases.OnboardingContributorTests.OnboardingContributor_TC019(OnboardingContributorTests.java:199)
at java.util.ArrayList.forEach(ArrayList.java:1257)
... Removed 31 stack frames]]>
    </failure>
  </testcase> <!-- OnboardingContributor_TC019 -->
</testsuite> <!-- Test -->
