<!DOCTYPE html PUBLIC "-//W3C//DTD XHTML 1.1//EN" "https://www.w3.org/TR/xhtml11/DTD/xhtml11.dtd">
<html xmlns="https://www.w3.org/1999/xhtml">
<head>
<meta http-equiv="content-type" content="text/html; charset=UTF-8"/>
<title>TestNG Report</title>
<style type="text/css">table {margin-bottom:10px;border-collapse:collapse;empty-cells:show}th,td {border:1px solid #009;padding:.25em .5em}th {vertical-align:bottom}td {vertical-align:top}table a {font-weight:bold}.stripe td {background-color: #E6EBF9}.num {text-align:right}.passedodd td {background-color: #3F3}.passedeven td {background-color: #0A0}.skippedodd td {background-color: #DDD}.skippedeven td {background-color: #CCC}.failedodd td,.attn {background-color: #F33}.failedeven td,.stripe .attn {background-color: #D00}.stacktrace {white-space:pre;font-family:monospace}.totop {font-size:85%;text-align:center;border-bottom:2px solid #000}.invisible {display:none}</style>
</head>
<body>
<table>
<tr><th>Test</th><th># Passed</th><th># Skipped</th><th># Retried</th><th># Failed</th><th>Time (ms)</th><th>Included Groups</th><th>Excluded Groups</th></tr>
<tr><th colspan="8">Suite</th></tr>
<tr><td><a href="#t0">Test</a></td><td class="num">10</td><td class="num">0</td><td class="num">0</td><td class="num attn">8</td><td class="num">3,287,589</td><td></td><td></td></tr>
</table>
<table id='summary'><thead><tr><th>Class</th><th>Method</th><th>Start</th><th>Time (ms)</th></tr></thead><tbody><tr><th colspan="4">Suite</th></tr></tbody><tbody id="t0"><tr><th colspan="4">Test &#8212; failed</th></tr><tr class="failedeven"><td rowspan="8">com.worldillustrated.TestCases.OnboardingContributorTests</td><td><a href="#m0">OnboardingContributor_TC001</a></td><td rowspan="1">1638451206412</td><td rowspan="1">48471</td></tr><tr class="failedeven"><td><a href="#m1">OnboardingContributor_TC003</a></td><td rowspan="1">1638451302924</td><td rowspan="1">234236</td></tr><tr class="failedeven"><td><a href="#m2">OnboardingContributor_TC007</a></td><td rowspan="1">1638451615847</td><td rowspan="1">222685</td></tr><tr class="failedeven"><td><a href="#m3">OnboardingContributor_TC008</a></td><td rowspan="1">1638451838535</td><td rowspan="1">217352</td></tr><tr class="failedeven"><td><a href="#m4">OnboardingContributor_TC011</a></td><td rowspan="1">1638452154753</td><td rowspan="1">1121050</td></tr><tr class="failedeven"><td><a href="#m5">OnboardingContributor_TC014</a></td><td rowspan="1">1638453355718</td><td rowspan="1">398214</td></tr><tr class="failedeven"><td><a href="#m6">OnboardingContributor_TC015</a></td><td rowspan="1">1638453753933</td><td rowspan="1">398084</td></tr><tr class="failedeven"><td><a href="#m7">OnboardingContributor_TC019</a></td><td rowspan="1">1638454272580</td><td rowspan="1">221371</td></tr><tr><th colspan="4">Test &#8212; passed</th></tr><tr class="passedeven"><td rowspan="10">com.worldillustrated.TestCases.OnboardingContributorTests</td><td><a href="#m8">OnboardingContributor_TC002</a></td><td rowspan="1">1638451254902</td><td rowspan="1">48020</td></tr><tr class="passedeven"><td><a href="#m9">OnboardingContributor_TC004</a></td><td rowspan="1">1638451537161</td><td rowspan="1">38872</td></tr><tr class="passedeven"><td><a href="#m10">OnboardingContributor_TC005</a></td><td rowspan="1">1638451576034</td><td rowspan="1">39811</td></tr><tr class="passedeven"><td><a href="#m11">OnboardingContributor_TC009</a></td><td rowspan="1">1638452055888</td><td rowspan="1">40715</td></tr><tr class="passedeven"><td><a href="#m12">OnboardingContributor_TC010</a></td><td rowspan="1">1638452096604</td><td rowspan="1">58148</td></tr><tr class="passedeven"><td><a href="#m13">OnboardingContributor_TC012</a></td><td rowspan="1">1638453275805</td><td rowspan="1">39615</td></tr><tr class="passedeven"><td><a href="#m14">OnboardingContributor_TC013</a></td><td rowspan="1">1638453315422</td><td rowspan="1">40294</td></tr><tr class="passedeven"><td><a href="#m15">OnboardingContributor_TC016</a></td><td rowspan="1">1638454152018</td><td rowspan="1">41709</td></tr><tr class="passedeven"><td><a href="#m16">OnboardingContributor_TC017</a></td><td rowspan="1">1638454193729</td><td rowspan="1">39450</td></tr><tr class="passedeven"><td><a href="#m17">OnboardingContributor_TC018</a></td><td rowspan="1">1638454233182</td><td rowspan="1">39396</td></tr></tbody>
</table>
<h2>Test</h2><h3 id="m0">com.worldillustrated.TestCases.OnboardingContributorTests#OnboardingContributor_TC001</h3><table class="result"><tr><th>Exception</th></tr><tr><td><div class="stacktrace">java.lang.AssertionError: expected [Invalid user data in &apos;General information&apos;.
Invalid user data in &apos;Person responsible for this account&apos;.
Invalid address format filled. Please fill all the required fields.
Invalid address format filled. Please fill all the required fields.
Invalid user data in &apos;Licensing&apos;.
No channels selected for your content.] but found [Invalid user data in &apos;General information&apos;.
Invalid user data in &apos;Person responsible for this account&apos;.
Invalid address format filled. Please fill all the required fields.
Invalid address format filled. Please fill all the required fields.
Invalid user data in &apos;Licensing&apos;.
No channels selected for your content.]
	at com.worldillustrated.BaseClasses.BaseUI.verifyMessage(BaseUI.java:153)
	at com.worldillustrated.TestCases.OnboardingContributorTests.OnboardingContributor_TC001(OnboardingContributorTests.java:19)
	at java.util.ArrayList.forEach(ArrayList.java:1257)
... Removed 36 stack frames</div></td></tr></table><p class="totop"><a href="#summary">back to summary</a></p>
<h3 id="m1">com.worldillustrated.TestCases.OnboardingContributorTests#OnboardingContributor_TC003</h3><table class="result"><tr><th>Exception</th></tr><tr><td><div class="stacktrace">java.lang.AssertionError: Failing the Test Case: no such element: Unable to locate element: {&quot;method&quot;:&quot;xpath&quot;,&quot;selector&quot;:&quot;/html/body/div[4]/div/ul/li[7]&quot;}
  (Session info: chrome=96.0.4664.45)
For documentation on this error, please visit: https://www.seleniumhq.org/exceptions/no_such_element.html
Build info: version: &apos;3.141.59&apos;, revision: &apos;e82be7d358&apos;, time: &apos;2018-11-14T08:17:03&apos;
System info: host: &apos;DESKTOP-VI9DBK6&apos;, ip: &apos;10.10.0.18&apos;, os.name: &apos;Windows 10&apos;, os.arch: &apos;amd64&apos;, os.version: &apos;10.0&apos;, java.version: &apos;1.8.0_181&apos;
Driver info: org.openqa.selenium.chrome.ChromeDriver
Capabilities {acceptInsecureCerts: false, browserName: chrome, browserVersion: 96.0.4664.45, chrome: {chromedriverVersion: 95.0.4638.17 (a9d0719444d4b..., userDataDir: C:\Windows\TEMP\scoped_dir2...}, goog:chromeOptions: {debuggerAddress: localhost:64757}, javascriptEnabled: true, networkConnectionEnabled: false, pageLoadStrategy: normal, platform: WINDOWS, platformName: WINDOWS, proxy: Proxy(), setWindowRect: true, strictFileInteractability: false, timeouts: {implicit: 0, pageLoad: 300000, script: 30000}, unhandledPromptBehavior: dismiss and notify, webauthn:extension:credBlob: true, webauthn:extension:largeBlob: true, webauthn:virtualAuthenticators: true}
Session ID: f24c86784dbdea4f703abf2541e436b7
*** Element info: {Using=xpath, value=/html/body/div[4]/div/ul/li[7]}
	at com.worldillustrated.BaseClasses.BaseUI.getElement(BaseUI.java:248)
	at com.worldillustrated.BaseClasses.BaseUI.clickElement(BaseUI.java:187)
	at com.worldillustrated.TestCases.OnboardingContributorActions.fillDataInBillingAddress(OnboardingContributorActions.java:82)
	at com.worldillustrated.TestCases.OnboardingContributorTests.OnboardingContributor_TC003(OnboardingContributorTests.java:44)
	at java.util.ArrayList.forEach(ArrayList.java:1257)
... Removed 31 stack frames</div></td></tr></table><p class="totop"><a href="#summary">back to summary</a></p>
<h3 id="m2">com.worldillustrated.TestCases.OnboardingContributorTests#OnboardingContributor_TC007</h3><table class="result"><tr><th>Exception</th></tr><tr><td><div class="stacktrace">java.lang.AssertionError: Failing the Test Case: no such element: Unable to locate element: {&quot;method&quot;:&quot;xpath&quot;,&quot;selector&quot;:&quot;/html/body/div[1]/div/div[4]/div[2]/form[2]/div/div[2]/div/div/div/div[1]/div[1]/p&quot;}
  (Session info: chrome=96.0.4664.45)
For documentation on this error, please visit: https://www.seleniumhq.org/exceptions/no_such_element.html
Build info: version: &apos;3.141.59&apos;, revision: &apos;e82be7d358&apos;, time: &apos;2018-11-14T08:17:03&apos;
System info: host: &apos;DESKTOP-VI9DBK6&apos;, ip: &apos;10.10.0.18&apos;, os.name: &apos;Windows 10&apos;, os.arch: &apos;amd64&apos;, os.version: &apos;10.0&apos;, java.version: &apos;1.8.0_181&apos;
Driver info: org.openqa.selenium.chrome.ChromeDriver
Capabilities {acceptInsecureCerts: false, browserName: chrome, browserVersion: 96.0.4664.45, chrome: {chromedriverVersion: 95.0.4638.17 (a9d0719444d4b..., userDataDir: C:\Windows\TEMP\scoped_dir1...}, goog:chromeOptions: {debuggerAddress: localhost:50959}, javascriptEnabled: true, networkConnectionEnabled: false, pageLoadStrategy: normal, platform: WINDOWS, platformName: WINDOWS, proxy: Proxy(), setWindowRect: true, strictFileInteractability: false, timeouts: {implicit: 0, pageLoad: 300000, script: 30000}, unhandledPromptBehavior: dismiss and notify, webauthn:extension:credBlob: true, webauthn:extension:largeBlob: true, webauthn:virtualAuthenticators: true}
Session ID: 9f2627ff71f6d9170db97fe51f083628
*** Element info: {Using=xpath, value=/html/body/div[1]/div/div[4]/div[2]/form[2]/div/div[2]/div/div/div/div[1]/div[1]/p}
	at com.worldillustrated.BaseClasses.BaseUI.getElement(BaseUI.java:248)
	at com.worldillustrated.BaseClasses.BaseUI.verifyErrorMessage(BaseUI.java:132)
	at com.worldillustrated.TestCases.OnboardingContributorTests.OnboardingContributor_TC007(OnboardingContributorTests.java:79)
	at java.util.ArrayList.forEach(ArrayList.java:1257)
... Removed 31 stack frames</div></td></tr></table><p class="totop"><a href="#summary">back to summary</a></p>
<h3 id="m3">com.worldillustrated.TestCases.OnboardingContributorTests#OnboardingContributor_TC008</h3><table class="result"><tr><th>Exception</th></tr><tr><td><div class="stacktrace">java.lang.AssertionError: Failing the Test Case: no such element: Unable to locate element: {&quot;method&quot;:&quot;xpath&quot;,&quot;selector&quot;:&quot;/html/body/div[1]/div/div[4]/div[2]/form[2]/div/div[2]/div/div/div/div[1]/div[2]/p&quot;}
  (Session info: chrome=96.0.4664.45)
For documentation on this error, please visit: https://www.seleniumhq.org/exceptions/no_such_element.html
Build info: version: &apos;3.141.59&apos;, revision: &apos;e82be7d358&apos;, time: &apos;2018-11-14T08:17:03&apos;
System info: host: &apos;DESKTOP-VI9DBK6&apos;, ip: &apos;10.10.0.18&apos;, os.name: &apos;Windows 10&apos;, os.arch: &apos;amd64&apos;, os.version: &apos;10.0&apos;, java.version: &apos;1.8.0_181&apos;
Driver info: org.openqa.selenium.chrome.ChromeDriver
Capabilities {acceptInsecureCerts: false, browserName: chrome, browserVersion: 96.0.4664.45, chrome: {chromedriverVersion: 95.0.4638.17 (a9d0719444d4b..., userDataDir: C:\Windows\TEMP\scoped_dir1...}, goog:chromeOptions: {debuggerAddress: localhost:51000}, javascriptEnabled: true, networkConnectionEnabled: false, pageLoadStrategy: normal, platform: WINDOWS, platformName: WINDOWS, proxy: Proxy(), setWindowRect: true, strictFileInteractability: false, timeouts: {implicit: 0, pageLoad: 300000, script: 30000}, unhandledPromptBehavior: dismiss and notify, webauthn:extension:credBlob: true, webauthn:extension:largeBlob: true, webauthn:virtualAuthenticators: true}
Session ID: 22f85dc459e26a668d0910b6c9a47c35
*** Element info: {Using=xpath, value=/html/body/div[1]/div/div[4]/div[2]/form[2]/div/div[2]/div/div/div/div[1]/div[2]/p}
	at com.worldillustrated.BaseClasses.BaseUI.getElement(BaseUI.java:248)
	at com.worldillustrated.BaseClasses.BaseUI.verifyErrorMessage(BaseUI.java:132)
	at com.worldillustrated.TestCases.OnboardingContributorTests.OnboardingContributor_TC008(OnboardingContributorTests.java:88)
	at java.util.ArrayList.forEach(ArrayList.java:1257)
... Removed 31 stack frames</div></td></tr></table><p class="totop"><a href="#summary">back to summary</a></p>
<h3 id="m4">com.worldillustrated.TestCases.OnboardingContributorTests#OnboardingContributor_TC011</h3><table class="result"><tr><th>Exception</th></tr><tr><td><div class="stacktrace">java.lang.AssertionError: Failing the Test Case: no such element: Unable to locate element: {&quot;method&quot;:&quot;xpath&quot;,&quot;selector&quot;:&quot;/html/body/div[4]/div/ul/li[7]&quot;}
  (Session info: chrome=96.0.4664.45)
For documentation on this error, please visit: https://www.seleniumhq.org/exceptions/no_such_element.html
Build info: version: &apos;3.141.59&apos;, revision: &apos;e82be7d358&apos;, time: &apos;2018-11-14T08:17:03&apos;
System info: host: &apos;DESKTOP-VI9DBK6&apos;, ip: &apos;10.10.0.18&apos;, os.name: &apos;Windows 10&apos;, os.arch: &apos;amd64&apos;, os.version: &apos;10.0&apos;, java.version: &apos;1.8.0_181&apos;
Driver info: org.openqa.selenium.chrome.ChromeDriver
Capabilities {acceptInsecureCerts: false, browserName: chrome, browserVersion: 96.0.4664.45, chrome: {chromedriverVersion: 95.0.4638.17 (a9d0719444d4b..., userDataDir: C:\Windows\TEMP\scoped_dir7...}, goog:chromeOptions: {debuggerAddress: localhost:59726}, javascriptEnabled: true, networkConnectionEnabled: false, pageLoadStrategy: normal, platform: WINDOWS, platformName: WINDOWS, proxy: Proxy(), setWindowRect: true, strictFileInteractability: false, timeouts: {implicit: 0, pageLoad: 300000, script: 30000}, unhandledPromptBehavior: dismiss and notify, webauthn:extension:credBlob: true, webauthn:extension:largeBlob: true, webauthn:virtualAuthenticators: true}
Session ID: 245e98c95a1f07bcb70760bd882d0933
*** Element info: {Using=xpath, value=/html/body/div[4]/div/ul/li[7]}
	at com.worldillustrated.BaseClasses.BaseUI.getElement(BaseUI.java:248)
	at com.worldillustrated.BaseClasses.BaseUI.clickElement(BaseUI.java:187)
	at com.worldillustrated.TestCases.OnboardingContributorActions.fillDataInBillingAddress(OnboardingContributorActions.java:82)
	at com.worldillustrated.TestCases.OnboardingContributorTests.OnboardingContributor_TC011(OnboardingContributorTests.java:118)
	at java.util.ArrayList.forEach(ArrayList.java:1257)
... Removed 31 stack frames</div></td></tr></table><p class="totop"><a href="#summary">back to summary</a></p>
<h3 id="m5">com.worldillustrated.TestCases.OnboardingContributorTests#OnboardingContributor_TC014</h3><table class="result"><tr><th>Exception</th></tr><tr><td><div class="stacktrace">java.lang.AssertionError: Failing the Test Case: no such element: Unable to locate element: {&quot;method&quot;:&quot;xpath&quot;,&quot;selector&quot;:&quot;/html/body/div[4]/div/ul/li[7]&quot;}
  (Session info: chrome=96.0.4664.45)
For documentation on this error, please visit: https://www.seleniumhq.org/exceptions/no_such_element.html
Build info: version: &apos;3.141.59&apos;, revision: &apos;e82be7d358&apos;, time: &apos;2018-11-14T08:17:03&apos;
System info: host: &apos;DESKTOP-VI9DBK6&apos;, ip: &apos;10.10.0.18&apos;, os.name: &apos;Windows 10&apos;, os.arch: &apos;amd64&apos;, os.version: &apos;10.0&apos;, java.version: &apos;1.8.0_181&apos;
Driver info: org.openqa.selenium.chrome.ChromeDriver
Capabilities {acceptInsecureCerts: false, browserName: chrome, browserVersion: 96.0.4664.45, chrome: {chromedriverVersion: 95.0.4638.17 (a9d0719444d4b..., userDataDir: C:\Windows\TEMP\scoped_dir1...}, goog:chromeOptions: {debuggerAddress: localhost:56651}, javascriptEnabled: true, networkConnectionEnabled: false, pageLoadStrategy: normal, platform: WINDOWS, platformName: WINDOWS, proxy: Proxy(), setWindowRect: true, strictFileInteractability: false, timeouts: {implicit: 0, pageLoad: 300000, script: 30000}, unhandledPromptBehavior: dismiss and notify, webauthn:extension:credBlob: true, webauthn:extension:largeBlob: true, webauthn:virtualAuthenticators: true}
Session ID: d7a23533dd643eadf135eb524f0678e5
*** Element info: {Using=xpath, value=/html/body/div[4]/div/ul/li[7]}
	at com.worldillustrated.BaseClasses.BaseUI.getElement(BaseUI.java:248)
	at com.worldillustrated.BaseClasses.BaseUI.clickElement(BaseUI.java:187)
	at com.worldillustrated.TestCases.OnboardingContributorActions.fillDataInBillingAddress(OnboardingContributorActions.java:82)
	at com.worldillustrated.TestCases.OnboardingContributorTests.OnboardingContributor_TC014(OnboardingContributorTests.java:152)
	at java.util.ArrayList.forEach(ArrayList.java:1257)
... Removed 31 stack frames</div></td></tr></table><p class="totop"><a href="#summary">back to summary</a></p>
<h3 id="m6">com.worldillustrated.TestCases.OnboardingContributorTests#OnboardingContributor_TC015</h3><table class="result"><tr><th>Exception</th></tr><tr><td><div class="stacktrace">java.lang.AssertionError: Failing the Test Case: no such element: Unable to locate element: {&quot;method&quot;:&quot;xpath&quot;,&quot;selector&quot;:&quot;/html/body/div[4]/div/ul/li[7]&quot;}
  (Session info: chrome=96.0.4664.45)
For documentation on this error, please visit: https://www.seleniumhq.org/exceptions/no_such_element.html
Build info: version: &apos;3.141.59&apos;, revision: &apos;e82be7d358&apos;, time: &apos;2018-11-14T08:17:03&apos;
System info: host: &apos;DESKTOP-VI9DBK6&apos;, ip: &apos;10.10.0.18&apos;, os.name: &apos;Windows 10&apos;, os.arch: &apos;amd64&apos;, os.version: &apos;10.0&apos;, java.version: &apos;1.8.0_181&apos;
Driver info: org.openqa.selenium.chrome.ChromeDriver
Capabilities {acceptInsecureCerts: false, browserName: chrome, browserVersion: 96.0.4664.45, chrome: {chromedriverVersion: 95.0.4638.17 (a9d0719444d4b..., userDataDir: C:\Windows\TEMP\scoped_dir2...}, goog:chromeOptions: {debuggerAddress: localhost:59049}, javascriptEnabled: true, networkConnectionEnabled: false, pageLoadStrategy: normal, platform: WINDOWS, platformName: WINDOWS, proxy: Proxy(), setWindowRect: true, strictFileInteractability: false, timeouts: {implicit: 0, pageLoad: 300000, script: 30000}, unhandledPromptBehavior: dismiss and notify, webauthn:extension:credBlob: true, webauthn:extension:largeBlob: true, webauthn:virtualAuthenticators: true}
Session ID: ee328789f9ae6b9418ba378c5bace6ec
*** Element info: {Using=xpath, value=/html/body/div[4]/div/ul/li[7]}
	at com.worldillustrated.BaseClasses.BaseUI.getElement(BaseUI.java:248)
	at com.worldillustrated.BaseClasses.BaseUI.clickElement(BaseUI.java:187)
	at com.worldillustrated.TestCases.OnboardingContributorActions.fillDataInBillingAddress(OnboardingContributorActions.java:82)
	at com.worldillustrated.TestCases.OnboardingContributorTests.OnboardingContributor_TC015(OnboardingContributorTests.java:162)
	at java.util.ArrayList.forEach(ArrayList.java:1257)
... Removed 31 stack frames</div></td></tr></table><p class="totop"><a href="#summary">back to summary</a></p>
<h3 id="m7">com.worldillustrated.TestCases.OnboardingContributorTests#OnboardingContributor_TC019</h3><table class="result"><tr><th>Exception</th></tr><tr><td><div class="stacktrace">java.lang.AssertionError: Failing the Test Case: no such element: Unable to locate element: {&quot;method&quot;:&quot;xpath&quot;,&quot;selector&quot;:&quot;/html/body/div[4]/div/ul/li[16]&quot;}
  (Session info: chrome=96.0.4664.45)
For documentation on this error, please visit: https://www.seleniumhq.org/exceptions/no_such_element.html
Build info: version: &apos;3.141.59&apos;, revision: &apos;e82be7d358&apos;, time: &apos;2018-11-14T08:17:03&apos;
System info: host: &apos;DESKTOP-VI9DBK6&apos;, ip: &apos;10.10.0.18&apos;, os.name: &apos;Windows 10&apos;, os.arch: &apos;amd64&apos;, os.version: &apos;10.0&apos;, java.version: &apos;1.8.0_181&apos;
Driver info: org.openqa.selenium.chrome.ChromeDriver
Capabilities {acceptInsecureCerts: false, browserName: chrome, browserVersion: 96.0.4664.45, chrome: {chromedriverVersion: 95.0.4638.17 (a9d0719444d4b..., userDataDir: C:\Windows\TEMP\scoped_dir2...}, goog:chromeOptions: {debuggerAddress: localhost:54197}, javascriptEnabled: true, networkConnectionEnabled: false, pageLoadStrategy: normal, platform: WINDOWS, platformName: WINDOWS, proxy: Proxy(), setWindowRect: true, strictFileInteractability: false, timeouts: {implicit: 0, pageLoad: 300000, script: 30000}, unhandledPromptBehavior: dismiss and notify, webauthn:extension:credBlob: true, webauthn:extension:largeBlob: true, webauthn:virtualAuthenticators: true}
Session ID: 686d3d7ae9efb38f44de23983d0899b9
*** Element info: {Using=xpath, value=/html/body/div[4]/div/ul/li[16]}
	at com.worldillustrated.BaseClasses.BaseUI.getElement(BaseUI.java:248)
	at com.worldillustrated.BaseClasses.BaseUI.clickElement(BaseUI.java:187)
	at com.worldillustrated.TestCases.OnboardingContributorActions.fillDataInMailingAddress(OnboardingContributorActions.java:65)
	at com.worldillustrated.TestCases.OnboardingContributorTests.OnboardingContributor_TC019(OnboardingContributorTests.java:199)
	at java.util.ArrayList.forEach(ArrayList.java:1257)
... Removed 31 stack frames</div></td></tr></table><p class="totop"><a href="#summary">back to summary</a></p>
<h3 id="m8">com.worldillustrated.TestCases.OnboardingContributorTests#OnboardingContributor_TC002</h3><table class="result"><tr><th class="invisible"/></tr></table><p class="totop"><a href="#summary">back to summary</a></p>
<h3 id="m9">com.worldillustrated.TestCases.OnboardingContributorTests#OnboardingContributor_TC004</h3><table class="result"><tr><th class="invisible"/></tr></table><p class="totop"><a href="#summary">back to summary</a></p>
<h3 id="m10">com.worldillustrated.TestCases.OnboardingContributorTests#OnboardingContributor_TC005</h3><table class="result"><tr><th class="invisible"/></tr></table><p class="totop"><a href="#summary">back to summary</a></p>
<h3 id="m11">com.worldillustrated.TestCases.OnboardingContributorTests#OnboardingContributor_TC009</h3><table class="result"><tr><th class="invisible"/></tr></table><p class="totop"><a href="#summary">back to summary</a></p>
<h3 id="m12">com.worldillustrated.TestCases.OnboardingContributorTests#OnboardingContributor_TC010</h3><table class="result"><tr><th class="invisible"/></tr></table><p class="totop"><a href="#summary">back to summary</a></p>
<h3 id="m13">com.worldillustrated.TestCases.OnboardingContributorTests#OnboardingContributor_TC012</h3><table class="result"><tr><th class="invisible"/></tr></table><p class="totop"><a href="#summary">back to summary</a></p>
<h3 id="m14">com.worldillustrated.TestCases.OnboardingContributorTests#OnboardingContributor_TC013</h3><table class="result"><tr><th class="invisible"/></tr></table><p class="totop"><a href="#summary">back to summary</a></p>
<h3 id="m15">com.worldillustrated.TestCases.OnboardingContributorTests#OnboardingContributor_TC016</h3><table class="result"><tr><th class="invisible"/></tr></table><p class="totop"><a href="#summary">back to summary</a></p>
<h3 id="m16">com.worldillustrated.TestCases.OnboardingContributorTests#OnboardingContributor_TC017</h3><table class="result"><tr><th class="invisible"/></tr></table><p class="totop"><a href="#summary">back to summary</a></p>
<h3 id="m17">com.worldillustrated.TestCases.OnboardingContributorTests#OnboardingContributor_TC018</h3><table class="result"><tr><th class="invisible"/></tr></table><p class="totop"><a href="#summary">back to summary</a></p>
</body>
</html>
